ARM GAS  /tmp/ccS5kvLf.s 			page 1


   1              		.cpu cortex-m3
   2              		.eabi_attribute 20, 1
   3              		.eabi_attribute 21, 1
   4              		.eabi_attribute 23, 3
   5              		.eabi_attribute 24, 1
   6              		.eabi_attribute 25, 1
   7              		.eabi_attribute 26, 1
   8              		.eabi_attribute 30, 6
   9              		.eabi_attribute 34, 1
  10              		.eabi_attribute 18, 4
  11              		.file	"stm32f1xx_it.c"
  12              		.text
  13              	.Ltext0:
  14              		.cfi_sections	.debug_frame
  15              		.section	.rodata.CHANNEL_OFFSET_TAB,"a"
  16              		.align	2
  19              	CHANNEL_OFFSET_TAB:
  20 0000 081C3044 		.ascii	"\010\0340DXl\200"
  20      586C80
  21              		.section	.text.NMI_Handler,"ax",%progbits
  22              		.align	1
  23              		.global	NMI_Handler
  24              		.arch armv7-m
  25              		.syntax unified
  26              		.thumb
  27              		.thumb_func
  28              		.fpu softvfp
  30              	NMI_Handler:
  31              	.LFB398:
  32              		.file 1 "Src/stm32f1xx_it.c"
   1:Src/stm32f1xx_it.c **** /* USER CODE BEGIN Header */
   2:Src/stm32f1xx_it.c **** /**
   3:Src/stm32f1xx_it.c ****   ******************************************************************************
   4:Src/stm32f1xx_it.c ****   * @file    stm32f1xx_it.c
   5:Src/stm32f1xx_it.c ****   * @brief   Interrupt Service Routines.
   6:Src/stm32f1xx_it.c ****   ******************************************************************************
   7:Src/stm32f1xx_it.c ****   * @attention
   8:Src/stm32f1xx_it.c ****   *
   9:Src/stm32f1xx_it.c ****   * <h2><center>&copy; Copyright (c) 2020 STMicroelectronics.
  10:Src/stm32f1xx_it.c ****   * All rights reserved.</center></h2>
  11:Src/stm32f1xx_it.c ****   *
  12:Src/stm32f1xx_it.c ****   * This software component is licensed by ST under BSD 3-Clause license,
  13:Src/stm32f1xx_it.c ****   * the "License"; You may not use this file except in compliance with the
  14:Src/stm32f1xx_it.c ****   * License. You may obtain a copy of the License at:
  15:Src/stm32f1xx_it.c ****   *                        opensource.org/licenses/BSD-3-Clause
  16:Src/stm32f1xx_it.c ****   *
  17:Src/stm32f1xx_it.c ****   ******************************************************************************
  18:Src/stm32f1xx_it.c ****   */
  19:Src/stm32f1xx_it.c **** /* USER CODE END Header */
  20:Src/stm32f1xx_it.c **** 
  21:Src/stm32f1xx_it.c **** /* Includes ------------------------------------------------------------------*/
  22:Src/stm32f1xx_it.c **** #include "main.h"
  23:Src/stm32f1xx_it.c **** #include "stm32f1xx_it.h"
  24:Src/stm32f1xx_it.c **** /* Private includes ----------------------------------------------------------*/
  25:Src/stm32f1xx_it.c **** /* USER CODE BEGIN Includes */
  26:Src/stm32f1xx_it.c **** /* USER CODE END Includes */
  27:Src/stm32f1xx_it.c **** 
ARM GAS  /tmp/ccS5kvLf.s 			page 2


  28:Src/stm32f1xx_it.c **** /* Private typedef -----------------------------------------------------------*/
  29:Src/stm32f1xx_it.c **** /* USER CODE BEGIN TD */
  30:Src/stm32f1xx_it.c **** 
  31:Src/stm32f1xx_it.c **** /* USER CODE END TD */
  32:Src/stm32f1xx_it.c **** 
  33:Src/stm32f1xx_it.c **** /* Private define ------------------------------------------------------------*/
  34:Src/stm32f1xx_it.c **** /* USER CODE BEGIN PD */
  35:Src/stm32f1xx_it.c ****  
  36:Src/stm32f1xx_it.c **** /* USER CODE END PD */
  37:Src/stm32f1xx_it.c **** 
  38:Src/stm32f1xx_it.c **** /* Private macro -------------------------------------------------------------*/
  39:Src/stm32f1xx_it.c **** /* USER CODE BEGIN PM */
  40:Src/stm32f1xx_it.c **** 
  41:Src/stm32f1xx_it.c **** /* USER CODE END PM */
  42:Src/stm32f1xx_it.c **** 
  43:Src/stm32f1xx_it.c **** /* Private variables ---------------------------------------------------------*/
  44:Src/stm32f1xx_it.c **** /* USER CODE BEGIN PV */
  45:Src/stm32f1xx_it.c **** 
  46:Src/stm32f1xx_it.c **** /* USER CODE END PV */
  47:Src/stm32f1xx_it.c **** 
  48:Src/stm32f1xx_it.c **** /* Private function prototypes -----------------------------------------------*/
  49:Src/stm32f1xx_it.c **** /* USER CODE BEGIN PFP */
  50:Src/stm32f1xx_it.c **** 
  51:Src/stm32f1xx_it.c **** /* USER CODE END PFP */
  52:Src/stm32f1xx_it.c **** 
  53:Src/stm32f1xx_it.c **** /* Private user code ---------------------------------------------------------*/
  54:Src/stm32f1xx_it.c **** /* USER CODE BEGIN 0 */
  55:Src/stm32f1xx_it.c **** 
  56:Src/stm32f1xx_it.c **** /* USER CODE END 0 */
  57:Src/stm32f1xx_it.c **** 
  58:Src/stm32f1xx_it.c **** /* External variables --------------------------------------------------------*/
  59:Src/stm32f1xx_it.c **** 
  60:Src/stm32f1xx_it.c **** /* USER CODE BEGIN EV */
  61:Src/stm32f1xx_it.c **** 
  62:Src/stm32f1xx_it.c **** /* USER CODE END EV */
  63:Src/stm32f1xx_it.c **** 
  64:Src/stm32f1xx_it.c **** /******************************************************************************/
  65:Src/stm32f1xx_it.c **** /*           Cortex-M3 Processor Interruption and Exception Handlers          */ 
  66:Src/stm32f1xx_it.c **** /******************************************************************************/
  67:Src/stm32f1xx_it.c **** /**
  68:Src/stm32f1xx_it.c ****   * @brief This function handles Non maskable interrupt.
  69:Src/stm32f1xx_it.c ****   */
  70:Src/stm32f1xx_it.c **** void NMI_Handler(void)
  71:Src/stm32f1xx_it.c **** {
  33              		.loc 1 71 1
  34              		.cfi_startproc
  35              		@ args = 0, pretend = 0, frame = 0
  36              		@ frame_needed = 1, uses_anonymous_args = 0
  37              		@ link register save eliminated.
  38 0000 80B4     		push	{r7}
  39              	.LCFI0:
  40              		.cfi_def_cfa_offset 4
  41              		.cfi_offset 7, -4
  42 0002 00AF     		add	r7, sp, #0
  43              	.LCFI1:
  44              		.cfi_def_cfa_register 7
  72:Src/stm32f1xx_it.c ****   /* USER CODE BEGIN NonMaskableInt_IRQn 0 */
ARM GAS  /tmp/ccS5kvLf.s 			page 3


  73:Src/stm32f1xx_it.c **** 
  74:Src/stm32f1xx_it.c ****   /* USER CODE END NonMaskableInt_IRQn 0 */
  75:Src/stm32f1xx_it.c ****   /* USER CODE BEGIN NonMaskableInt_IRQn 1 */
  76:Src/stm32f1xx_it.c **** 
  77:Src/stm32f1xx_it.c ****   /* USER CODE END NonMaskableInt_IRQn 1 */
  78:Src/stm32f1xx_it.c **** }
  45              		.loc 1 78 1
  46 0004 00BF     		nop
  47 0006 BD46     		mov	sp, r7
  48              	.LCFI2:
  49              		.cfi_def_cfa_register 13
  50              		@ sp needed
  51 0008 80BC     		pop	{r7}
  52              	.LCFI3:
  53              		.cfi_restore 7
  54              		.cfi_def_cfa_offset 0
  55 000a 7047     		bx	lr
  56              		.cfi_endproc
  57              	.LFE398:
  59              		.section	.text.HardFault_Handler,"ax",%progbits
  60              		.align	1
  61              		.global	HardFault_Handler
  62              		.syntax unified
  63              		.thumb
  64              		.thumb_func
  65              		.fpu softvfp
  67              	HardFault_Handler:
  68              	.LFB399:
  79:Src/stm32f1xx_it.c **** 
  80:Src/stm32f1xx_it.c **** /**
  81:Src/stm32f1xx_it.c ****   * @brief This function handles Hard fault interrupt.
  82:Src/stm32f1xx_it.c ****   */
  83:Src/stm32f1xx_it.c **** void HardFault_Handler(void)
  84:Src/stm32f1xx_it.c **** {
  69              		.loc 1 84 1
  70              		.cfi_startproc
  71              		@ args = 0, pretend = 0, frame = 0
  72              		@ frame_needed = 1, uses_anonymous_args = 0
  73              		@ link register save eliminated.
  74 0000 80B4     		push	{r7}
  75              	.LCFI4:
  76              		.cfi_def_cfa_offset 4
  77              		.cfi_offset 7, -4
  78 0002 00AF     		add	r7, sp, #0
  79              	.LCFI5:
  80              		.cfi_def_cfa_register 7
  81              	.L3:
  85:Src/stm32f1xx_it.c ****   /* USER CODE BEGIN HardFault_IRQn 0 */
  86:Src/stm32f1xx_it.c **** 
  87:Src/stm32f1xx_it.c ****   /* USER CODE END HardFault_IRQn 0 */
  88:Src/stm32f1xx_it.c ****   while (1)
  82              		.loc 1 88 9 discriminator 1
  83 0004 FEE7     		b	.L3
  84              		.cfi_endproc
  85              	.LFE399:
  87              		.section	.text.MemManage_Handler,"ax",%progbits
  88              		.align	1
ARM GAS  /tmp/ccS5kvLf.s 			page 4


  89              		.global	MemManage_Handler
  90              		.syntax unified
  91              		.thumb
  92              		.thumb_func
  93              		.fpu softvfp
  95              	MemManage_Handler:
  96              	.LFB400:
  89:Src/stm32f1xx_it.c ****   {
  90:Src/stm32f1xx_it.c ****     /* USER CODE BEGIN W1_HardFault_IRQn 0 */
  91:Src/stm32f1xx_it.c ****     /* USER CODE END W1_HardFault_IRQn 0 */
  92:Src/stm32f1xx_it.c ****   }
  93:Src/stm32f1xx_it.c **** }
  94:Src/stm32f1xx_it.c **** 
  95:Src/stm32f1xx_it.c **** /**
  96:Src/stm32f1xx_it.c ****   * @brief This function handles Memory management fault.
  97:Src/stm32f1xx_it.c ****   */
  98:Src/stm32f1xx_it.c **** void MemManage_Handler(void)
  99:Src/stm32f1xx_it.c **** {
  97              		.loc 1 99 1
  98              		.cfi_startproc
  99              		@ args = 0, pretend = 0, frame = 0
 100              		@ frame_needed = 1, uses_anonymous_args = 0
 101              		@ link register save eliminated.
 102 0000 80B4     		push	{r7}
 103              	.LCFI6:
 104              		.cfi_def_cfa_offset 4
 105              		.cfi_offset 7, -4
 106 0002 00AF     		add	r7, sp, #0
 107              	.LCFI7:
 108              		.cfi_def_cfa_register 7
 109              	.L5:
 100:Src/stm32f1xx_it.c ****   /* USER CODE BEGIN MemoryManagement_IRQn 0 */
 101:Src/stm32f1xx_it.c **** 
 102:Src/stm32f1xx_it.c ****   /* USER CODE END MemoryManagement_IRQn 0 */
 103:Src/stm32f1xx_it.c ****   while (1)
 110              		.loc 1 103 9 discriminator 1
 111 0004 FEE7     		b	.L5
 112              		.cfi_endproc
 113              	.LFE400:
 115              		.section	.text.BusFault_Handler,"ax",%progbits
 116              		.align	1
 117              		.global	BusFault_Handler
 118              		.syntax unified
 119              		.thumb
 120              		.thumb_func
 121              		.fpu softvfp
 123              	BusFault_Handler:
 124              	.LFB401:
 104:Src/stm32f1xx_it.c ****   {
 105:Src/stm32f1xx_it.c ****     /* USER CODE BEGIN W1_MemoryManagement_IRQn 0 */
 106:Src/stm32f1xx_it.c ****     /* USER CODE END W1_MemoryManagement_IRQn 0 */
 107:Src/stm32f1xx_it.c ****   }
 108:Src/stm32f1xx_it.c **** }
 109:Src/stm32f1xx_it.c **** 
 110:Src/stm32f1xx_it.c **** /**
 111:Src/stm32f1xx_it.c ****   * @brief This function handles Prefetch fault, memory access fault.
 112:Src/stm32f1xx_it.c ****   */
ARM GAS  /tmp/ccS5kvLf.s 			page 5


 113:Src/stm32f1xx_it.c **** void BusFault_Handler(void)
 114:Src/stm32f1xx_it.c **** {
 125              		.loc 1 114 1
 126              		.cfi_startproc
 127              		@ args = 0, pretend = 0, frame = 0
 128              		@ frame_needed = 1, uses_anonymous_args = 0
 129              		@ link register save eliminated.
 130 0000 80B4     		push	{r7}
 131              	.LCFI8:
 132              		.cfi_def_cfa_offset 4
 133              		.cfi_offset 7, -4
 134 0002 00AF     		add	r7, sp, #0
 135              	.LCFI9:
 136              		.cfi_def_cfa_register 7
 137              	.L7:
 115:Src/stm32f1xx_it.c ****   /* USER CODE BEGIN BusFault_IRQn 0 */
 116:Src/stm32f1xx_it.c **** 
 117:Src/stm32f1xx_it.c ****   /* USER CODE END BusFault_IRQn 0 */
 118:Src/stm32f1xx_it.c ****   while (1)
 138              		.loc 1 118 9 discriminator 1
 139 0004 FEE7     		b	.L7
 140              		.cfi_endproc
 141              	.LFE401:
 143              		.section	.text.UsageFault_Handler,"ax",%progbits
 144              		.align	1
 145              		.global	UsageFault_Handler
 146              		.syntax unified
 147              		.thumb
 148              		.thumb_func
 149              		.fpu softvfp
 151              	UsageFault_Handler:
 152              	.LFB402:
 119:Src/stm32f1xx_it.c ****   {
 120:Src/stm32f1xx_it.c ****     /* USER CODE BEGIN W1_BusFault_IRQn 0 */
 121:Src/stm32f1xx_it.c ****     /* USER CODE END W1_BusFault_IRQn 0 */
 122:Src/stm32f1xx_it.c ****   }
 123:Src/stm32f1xx_it.c **** }
 124:Src/stm32f1xx_it.c **** 
 125:Src/stm32f1xx_it.c **** /**
 126:Src/stm32f1xx_it.c ****   * @brief This function handles Undefined instruction or illegal state.
 127:Src/stm32f1xx_it.c ****   */
 128:Src/stm32f1xx_it.c **** void UsageFault_Handler(void)
 129:Src/stm32f1xx_it.c **** {
 153              		.loc 1 129 1
 154              		.cfi_startproc
 155              		@ args = 0, pretend = 0, frame = 0
 156              		@ frame_needed = 1, uses_anonymous_args = 0
 157              		@ link register save eliminated.
 158 0000 80B4     		push	{r7}
 159              	.LCFI10:
 160              		.cfi_def_cfa_offset 4
 161              		.cfi_offset 7, -4
 162 0002 00AF     		add	r7, sp, #0
 163              	.LCFI11:
 164              		.cfi_def_cfa_register 7
 165              	.L9:
 130:Src/stm32f1xx_it.c ****   /* USER CODE BEGIN UsageFault_IRQn 0 */
ARM GAS  /tmp/ccS5kvLf.s 			page 6


 131:Src/stm32f1xx_it.c **** 
 132:Src/stm32f1xx_it.c ****   /* USER CODE END UsageFault_IRQn 0 */
 133:Src/stm32f1xx_it.c ****   while (1)
 166              		.loc 1 133 9 discriminator 1
 167 0004 FEE7     		b	.L9
 168              		.cfi_endproc
 169              	.LFE402:
 171              		.section	.text.SVC_Handler,"ax",%progbits
 172              		.align	1
 173              		.global	SVC_Handler
 174              		.syntax unified
 175              		.thumb
 176              		.thumb_func
 177              		.fpu softvfp
 179              	SVC_Handler:
 180              	.LFB403:
 134:Src/stm32f1xx_it.c ****   {
 135:Src/stm32f1xx_it.c ****     /* USER CODE BEGIN W1_UsageFault_IRQn 0 */
 136:Src/stm32f1xx_it.c ****     /* USER CODE END W1_UsageFault_IRQn 0 */
 137:Src/stm32f1xx_it.c ****   }
 138:Src/stm32f1xx_it.c **** }
 139:Src/stm32f1xx_it.c **** 
 140:Src/stm32f1xx_it.c **** /**
 141:Src/stm32f1xx_it.c ****   * @brief This function handles System service call via SWI instruction.
 142:Src/stm32f1xx_it.c ****   */
 143:Src/stm32f1xx_it.c **** void SVC_Handler(void)
 144:Src/stm32f1xx_it.c **** {
 181              		.loc 1 144 1
 182              		.cfi_startproc
 183              		@ args = 0, pretend = 0, frame = 0
 184              		@ frame_needed = 1, uses_anonymous_args = 0
 185              		@ link register save eliminated.
 186 0000 80B4     		push	{r7}
 187              	.LCFI12:
 188              		.cfi_def_cfa_offset 4
 189              		.cfi_offset 7, -4
 190 0002 00AF     		add	r7, sp, #0
 191              	.LCFI13:
 192              		.cfi_def_cfa_register 7
 145:Src/stm32f1xx_it.c ****   /* USER CODE BEGIN SVCall_IRQn 0 */
 146:Src/stm32f1xx_it.c **** 
 147:Src/stm32f1xx_it.c ****   /* USER CODE END SVCall_IRQn 0 */
 148:Src/stm32f1xx_it.c ****   /* USER CODE BEGIN SVCall_IRQn 1 */
 149:Src/stm32f1xx_it.c **** 
 150:Src/stm32f1xx_it.c ****   /* USER CODE END SVCall_IRQn 1 */
 151:Src/stm32f1xx_it.c **** }
 193              		.loc 1 151 1
 194 0004 00BF     		nop
 195 0006 BD46     		mov	sp, r7
 196              	.LCFI14:
 197              		.cfi_def_cfa_register 13
 198              		@ sp needed
 199 0008 80BC     		pop	{r7}
 200              	.LCFI15:
 201              		.cfi_restore 7
 202              		.cfi_def_cfa_offset 0
 203 000a 7047     		bx	lr
ARM GAS  /tmp/ccS5kvLf.s 			page 7


 204              		.cfi_endproc
 205              	.LFE403:
 207              		.section	.text.DebugMon_Handler,"ax",%progbits
 208              		.align	1
 209              		.global	DebugMon_Handler
 210              		.syntax unified
 211              		.thumb
 212              		.thumb_func
 213              		.fpu softvfp
 215              	DebugMon_Handler:
 216              	.LFB404:
 152:Src/stm32f1xx_it.c **** 
 153:Src/stm32f1xx_it.c **** /**
 154:Src/stm32f1xx_it.c ****   * @brief This function handles Debug monitor.
 155:Src/stm32f1xx_it.c ****   */
 156:Src/stm32f1xx_it.c **** void DebugMon_Handler(void)
 157:Src/stm32f1xx_it.c **** {
 217              		.loc 1 157 1
 218              		.cfi_startproc
 219              		@ args = 0, pretend = 0, frame = 0
 220              		@ frame_needed = 1, uses_anonymous_args = 0
 221              		@ link register save eliminated.
 222 0000 80B4     		push	{r7}
 223              	.LCFI16:
 224              		.cfi_def_cfa_offset 4
 225              		.cfi_offset 7, -4
 226 0002 00AF     		add	r7, sp, #0
 227              	.LCFI17:
 228              		.cfi_def_cfa_register 7
 158:Src/stm32f1xx_it.c ****   /* USER CODE BEGIN DebugMonitor_IRQn 0 */
 159:Src/stm32f1xx_it.c **** 
 160:Src/stm32f1xx_it.c ****   /* USER CODE END DebugMonitor_IRQn 0 */
 161:Src/stm32f1xx_it.c ****   /* USER CODE BEGIN DebugMonitor_IRQn 1 */
 162:Src/stm32f1xx_it.c **** 
 163:Src/stm32f1xx_it.c ****   /* USER CODE END DebugMonitor_IRQn 1 */
 164:Src/stm32f1xx_it.c **** }
 229              		.loc 1 164 1
 230 0004 00BF     		nop
 231 0006 BD46     		mov	sp, r7
 232              	.LCFI18:
 233              		.cfi_def_cfa_register 13
 234              		@ sp needed
 235 0008 80BC     		pop	{r7}
 236              	.LCFI19:
 237              		.cfi_restore 7
 238              		.cfi_def_cfa_offset 0
 239 000a 7047     		bx	lr
 240              		.cfi_endproc
 241              	.LFE404:
 243              		.section	.text.PendSV_Handler,"ax",%progbits
 244              		.align	1
 245              		.global	PendSV_Handler
 246              		.syntax unified
 247              		.thumb
 248              		.thumb_func
 249              		.fpu softvfp
 251              	PendSV_Handler:
ARM GAS  /tmp/ccS5kvLf.s 			page 8


 252              	.LFB405:
 165:Src/stm32f1xx_it.c **** 
 166:Src/stm32f1xx_it.c **** /**
 167:Src/stm32f1xx_it.c ****   * @brief This function handles Pendable request for system service.
 168:Src/stm32f1xx_it.c ****   */
 169:Src/stm32f1xx_it.c **** void PendSV_Handler(void)
 170:Src/stm32f1xx_it.c **** {
 253              		.loc 1 170 1
 254              		.cfi_startproc
 255              		@ args = 0, pretend = 0, frame = 0
 256              		@ frame_needed = 1, uses_anonymous_args = 0
 257              		@ link register save eliminated.
 258 0000 80B4     		push	{r7}
 259              	.LCFI20:
 260              		.cfi_def_cfa_offset 4
 261              		.cfi_offset 7, -4
 262 0002 00AF     		add	r7, sp, #0
 263              	.LCFI21:
 264              		.cfi_def_cfa_register 7
 171:Src/stm32f1xx_it.c ****   /* USER CODE BEGIN PendSV_IRQn 0 */
 172:Src/stm32f1xx_it.c **** 
 173:Src/stm32f1xx_it.c ****   /* USER CODE END PendSV_IRQn 0 */
 174:Src/stm32f1xx_it.c ****   /* USER CODE BEGIN PendSV_IRQn 1 */
 175:Src/stm32f1xx_it.c **** 
 176:Src/stm32f1xx_it.c ****   /* USER CODE END PendSV_IRQn 1 */
 177:Src/stm32f1xx_it.c **** }
 265              		.loc 1 177 1
 266 0004 00BF     		nop
 267 0006 BD46     		mov	sp, r7
 268              	.LCFI22:
 269              		.cfi_def_cfa_register 13
 270              		@ sp needed
 271 0008 80BC     		pop	{r7}
 272              	.LCFI23:
 273              		.cfi_restore 7
 274              		.cfi_def_cfa_offset 0
 275 000a 7047     		bx	lr
 276              		.cfi_endproc
 277              	.LFE405:
 279              		.section	.text.SysTick_Handler,"ax",%progbits
 280              		.align	1
 281              		.global	SysTick_Handler
 282              		.syntax unified
 283              		.thumb
 284              		.thumb_func
 285              		.fpu softvfp
 287              	SysTick_Handler:
 288              	.LFB406:
 178:Src/stm32f1xx_it.c **** 
 179:Src/stm32f1xx_it.c **** /**
 180:Src/stm32f1xx_it.c ****   * @brief This function handles System tick timer.
 181:Src/stm32f1xx_it.c ****   */
 182:Src/stm32f1xx_it.c **** void SysTick_Handler(void)
 183:Src/stm32f1xx_it.c **** {
 289              		.loc 1 183 1
 290              		.cfi_startproc
 291              		@ args = 0, pretend = 0, frame = 0
ARM GAS  /tmp/ccS5kvLf.s 			page 9


 292              		@ frame_needed = 1, uses_anonymous_args = 0
 293              		@ link register save eliminated.
 294 0000 80B4     		push	{r7}
 295              	.LCFI24:
 296              		.cfi_def_cfa_offset 4
 297              		.cfi_offset 7, -4
 298 0002 00AF     		add	r7, sp, #0
 299              	.LCFI25:
 300              		.cfi_def_cfa_register 7
 184:Src/stm32f1xx_it.c ****   /* USER CODE BEGIN SysTick_IRQn 0 */
 185:Src/stm32f1xx_it.c **** 
 186:Src/stm32f1xx_it.c ****   /* USER CODE END SysTick_IRQn 0 */
 187:Src/stm32f1xx_it.c ****   
 188:Src/stm32f1xx_it.c ****   /* USER CODE BEGIN SysTick_IRQn 1 */
 189:Src/stm32f1xx_it.c **** 
 190:Src/stm32f1xx_it.c ****   /* USER CODE END SysTick_IRQn 1 */
 191:Src/stm32f1xx_it.c **** }
 301              		.loc 1 191 1
 302 0004 00BF     		nop
 303 0006 BD46     		mov	sp, r7
 304              	.LCFI26:
 305              		.cfi_def_cfa_register 13
 306              		@ sp needed
 307 0008 80BC     		pop	{r7}
 308              	.LCFI27:
 309              		.cfi_restore 7
 310              		.cfi_def_cfa_offset 0
 311 000a 7047     		bx	lr
 312              		.cfi_endproc
 313              	.LFE406:
 315              		.text
 316              	.Letext0:
 317              		.file 2 "/usr/share/gcc-arm-none-eabi/arm-none-eabi/include/machine/_default_types.h"
 318              		.file 3 "/usr/share/gcc-arm-none-eabi/arm-none-eabi/include/sys/_stdint.h"
 319              		.file 4 "Drivers/CMSIS/Include/core_cm3.h"
 320              		.file 5 "Drivers/CMSIS/Device/ST/STM32F1xx/Include/system_stm32f1xx.h"
 321              		.file 6 "Drivers/STM32F1xx_HAL_Driver/Inc/stm32f1xx_ll_dma.h"
ARM GAS  /tmp/ccS5kvLf.s 			page 10


DEFINED SYMBOLS
                            *ABS*:0000000000000000 stm32f1xx_it.c
     /tmp/ccS5kvLf.s:16     .rodata.CHANNEL_OFFSET_TAB:0000000000000000 $d
     /tmp/ccS5kvLf.s:19     .rodata.CHANNEL_OFFSET_TAB:0000000000000000 CHANNEL_OFFSET_TAB
     /tmp/ccS5kvLf.s:22     .text.NMI_Handler:0000000000000000 $t
     /tmp/ccS5kvLf.s:30     .text.NMI_Handler:0000000000000000 NMI_Handler
     /tmp/ccS5kvLf.s:60     .text.HardFault_Handler:0000000000000000 $t
     /tmp/ccS5kvLf.s:67     .text.HardFault_Handler:0000000000000000 HardFault_Handler
     /tmp/ccS5kvLf.s:88     .text.MemManage_Handler:0000000000000000 $t
     /tmp/ccS5kvLf.s:95     .text.MemManage_Handler:0000000000000000 MemManage_Handler
     /tmp/ccS5kvLf.s:116    .text.BusFault_Handler:0000000000000000 $t
     /tmp/ccS5kvLf.s:123    .text.BusFault_Handler:0000000000000000 BusFault_Handler
     /tmp/ccS5kvLf.s:144    .text.UsageFault_Handler:0000000000000000 $t
     /tmp/ccS5kvLf.s:151    .text.UsageFault_Handler:0000000000000000 UsageFault_Handler
     /tmp/ccS5kvLf.s:172    .text.SVC_Handler:0000000000000000 $t
     /tmp/ccS5kvLf.s:179    .text.SVC_Handler:0000000000000000 SVC_Handler
     /tmp/ccS5kvLf.s:208    .text.DebugMon_Handler:0000000000000000 $t
     /tmp/ccS5kvLf.s:215    .text.DebugMon_Handler:0000000000000000 DebugMon_Handler
     /tmp/ccS5kvLf.s:244    .text.PendSV_Handler:0000000000000000 $t
     /tmp/ccS5kvLf.s:251    .text.PendSV_Handler:0000000000000000 PendSV_Handler
     /tmp/ccS5kvLf.s:280    .text.SysTick_Handler:0000000000000000 $t
     /tmp/ccS5kvLf.s:287    .text.SysTick_Handler:0000000000000000 SysTick_Handler

NO UNDEFINED SYMBOLS
